Arguments: 
  /usr/local/Cellar/node/19.3.0/bin/node /usr/local/Cellar/yarn/1.22.19/libexec/bin/yarn.js

PATH: 
  /usr/local/opt/func:/usr/local/opt/openssl@1.1/bin:/usr/local/opt/func:/usr/local/bin:/usr/bin:/bin:/usr/sbin:/sbin

Yarn version: 
  1.22.19

Node version: 
  19.3.0

Platform: 
  darwin x64

Trace: 
  Error: unable to get local issuer certificate
      at TLSSocket.onConnectSecure (node:_tls_wrap:1545:34)
      at TLSSocket.emit (node:events:513:28)
      at TLSSocket._finishInit (node:_tls_wrap:959:8)
      at ssl.onhandshakedone (node:_tls_wrap:743:12)

npm manifest: 
  {
    "name": "tonstarter-contracts",
    "description": "",
    "version": "0.0.0",
    "license": "MIT",
    "author": "",
    "scripts": {
      "prettier": "npx prettier --write '{test,contracts,build}/**/*.{ts,js,json}'",
      "test": "node --no-experimental-fetch node_modules/mocha/bin/mocha --exit test/**/*.spec.ts",
      "build": "ts-node ./build/_build.ts",
      "deploy": "ts-node ./build/_deploy.ts",
      "deploy:testnet": "ts-node ./build/_deploy.ts",
      "postinstall": "ts-node ./build/_setup.ts",
      "start": "export FIFTPATH='/usr/local/opt/fiftlib/lib' && yarn build && yarn test"
    },
    "devDependencies": {
      "@swc/core": "^1.2.177",
      "@types/bn.js": "^5.1.0",
      "@types/chai": "^4.3.0",
      "@types/mocha": "^9.0.0",
      "@types/semver": "^7.3.9",
      "axios-request-throttle": "^1.0.0",
      "chai": "^4.3.4",
      "chai-bn": "^0.3.1",
      "dotenv": "^16.0.0",
      "fast-glob": "^3.2.11",
      "mocha": "^9.1.3",
      "prando": "^6.0.1",
      "prettier": "^2.6.2",
      "ton": "^12.1.3",
      "ton-contract-executor": "0.6.2",
      "ton-crypto": "^3.1.0",
      "ts-node": "^10.4.0",
      "typescript": "^4.5.4"
    },
    "prettier": {
      "printWidth": 180
    },
    "mocha": {
      "require": [
        "chai",
        "ts-node/register"
      ],
      "timeout": 20000
    },
    "engines": {
      "node": ">=16.15.0"
    },
    "dependencies": {
      "semver": "^7.3.7"
    }
  }

yarn manifest: 
  No manifest

Lockfile: 
  No lockfile
